{
  "RSpec": {
    "coverage": {
      "/Users/Guest/Desktop/RuPg/spec/models/armor_spec.rb": [
        1,
        null,
        1,
        2,
        null
      ],
      "/Users/Guest/Desktop/RuPg/spec/rails_helper.rb": [
        null,
        1,
        1,
        1,
        null,
        1,
        1,
        null,
        null,
        null,
        null,
        null,
        null,
        null,
        null,
        null,
        null,
        null,
        null,
        null,
        null,
        null,
        null,
        null,
        null,
        null,
        1,
        1,
        null,
        0,
        0,
        null,
        1,
        null,
        1,
        null,
        null,
        null,
        null,
        1,
        null,
        null,
        null,
        null,
        null,
        null,
        null,
        null,
        null,
        null,
        null,
        null,
        null,
        null,
        1,
        null,
        null,
        1,
        null,
        null,
        null,
        null,
        1,
        1,
        1,
        1,
        null,
        null
      ],
      "/Users/Guest/Desktop/RuPg/config/environment.rb": [
        null,
        1,
        null,
        null,
        1
      ],
      "/Users/Guest/Desktop/RuPg/config/application.rb": [
        1,
        null,
        1,
        null,
        1,
        1,
        1,
        1,
        1,
        1,
        1,
        1,
        1,
        null,
        null,
        null,
        null,
        1,
        null,
        1,
        1,
        null,
        1,
        null,
        null,
        null,
        null,
        null,
        null,
        null,
        1,
        null,
        null
      ],
      "/Users/Guest/Desktop/RuPg/config/boot.rb": [
        1,
        null,
        1,
        1
      ],
      "/Users/Guest/Desktop/RuPg/config/environments/test.rb": [
        1,
        null,
        null,
        null,
        null,
        null,
        null,
        1,
        null,
        null,
        null,
        null,
        1,
        null,
        null,
        1,
        1,
        null,
        null,
        null,
        null,
        1,
        1,
        null,
        null,
        1,
        null,
        null,
        1,
        null,
        null,
        1,
        null,
        1,
        null,
        null,
        null,
        null,
        1,
        null,
        null,
        1,
        null,
        null,
        null,
        null
      ],
      "/Users/Guest/Desktop/RuPg/config/initializers/application_controller_renderer.rb": [
        null,
        null,
        null,
        null,
        null,
        null,
        null,
        null
      ],
      "/Users/Guest/Desktop/RuPg/config/initializers/assets.rb": [
        null,
        null,
        null,
        1,
        null,
        null,
        null,
        null,
        1,
        null,
        null,
        null,
        null,
        null
      ],
      "/Users/Guest/Desktop/RuPg/config/initializers/backtrace_silencers.rb": [
        null,
        null,
        null,
        null,
        null,
        null,
        null
      ],
      "/Users/Guest/Desktop/RuPg/config/initializers/content_security_policy.rb": [
        null,
        null,
        null,
        null,
        null,
        null,
        null,
        null,
        null,
        null,
        null,
        null,
        null,
        null,
        null,
        null,
        null,
        null,
        null,
        null,
        null,
        null,
        null,
        null,
        null
      ],
      "/Users/Guest/Desktop/RuPg/config/initializers/cookies_serializer.rb": [
        null,
        null,
        null,
        null,
        1
      ],
      "/Users/Guest/Desktop/RuPg/config/initializers/devise.rb": [
        null,
        null,
        null,
        null,
        1,
        null,
        null,
        null,
        null,
        null,
        null,
        null,
        null,
        null,
        null,
        null,
        null,
        null,
        null,
        null,
        1,
        null,
        null,
        null,
        null,
        null,
        null,
        null,
        null,
        null,
        null,
        null,
        1,
        null,
        null,
        null,
        null,
        null,
        null,
        null,
        null,
        null,
        null,
        null,
        null,
        null,
        null,
        null,
        null,
        null,
        null,
        null,
        null,
        null,
        1,
        null,
        null,
        null,
        null,
        1,
        null,
        null,
        null,
        null,
        null,
        null,
        null,
        null,
        null,
        null,
        null,
        null,
        null,
        null,
        null,
        null,
        null,
        null,
        null,
        null,
        null,
        null,
        null,
        null,
        null,
        null,
        null,
        null,
        null,
        null,
        1,
        null,
        null,
        null,
        null,
        null,
        null,
        null,
        null,
        null,
        null,
        null,
        null,
        null,
        null,
        null,
        null,
        null,
        null,
        null,
        null,
        null,
        null,
        1,
        null,
        null,
        null,
        null,
        null,
        null,
        null,
        null,
        null,
        null,
        null,
        null,
        null,
        null,
        null,
        null,
        null,
        null,
        null,
        null,
        null,
        null,
        null,
        null,
        null,
        null,
        null,
        null,
        null,
        null,
        1,
        null,
        null,
        null,
        null,
        null,
        null,
        null,
        null,
        null,
        1,
        null,
        null,
        null,
        null,
        null,
        null,
        null,
        null,
        null,
        null,
        1,
        null,
        null,
        null,
        null,
        1,
        null,
        null,
        null,
        null,
        null,
        null,
        null,
        null,
        null,
        null,
        null,
        null,
        null,
        null,
        null,
        null,
        null,
        null,
        null,
        null,
        null,
        null,
        null,
        null,
        null,
        null,
        null,
        null,
        null,
        null,
        null,
        null,
        null,
        null,
        null,
        null,
        null,
        null,
        null,
        null,
        1,
        null,
        null,
        null,
        null,
        null,
        null,
        null,
        null,
        null,
        null,
        null,
        null,
        null,
        null,
        null,
        null,
        null,
        null,
        null,
        null,
        null,
        null,
        null,
        null,
        null,
        null,
        null,
        null,
        null,
        null,
        null,
        null,
        null,
        null,
        null,
        null,
        null,
        null,
        null,
        null,
        null,
        1,
        null,
        null,
        null,
        null,
        null,
        null,
        null,
        null,
        null,
        null,
        null,
        null,
        null,
        null,
        null,
        null,
        null,
        null,
        null,
        null,
        null,
        null,
        null,
        null,
        null,
        null,
        null,
        null,
        null,
        null,
        null,
        null,
        null,
        null,
        null,
        null
      ],
      "/Users/Guest/Desktop/RuPg/config/initializers/filter_parameter_logging.rb": [
        null,
        null,
        null,
        1
      ],
      "/Users/Guest/Desktop/RuPg/config/initializers/inflections.rb": [
        null,
        null,
        null,
        null,
        null,
        null,
        null,
        null,
        null,
        null,
        null,
        null,
        null,
        null,
        null,
        null
      ],
      "/Users/Guest/Desktop/RuPg/config/initializers/mime_types.rb": [
        null,
        null,
        null,
        null
      ],
      "/Users/Guest/Desktop/RuPg/config/initializers/wrap_parameters.rb": [
        null,
        null,
        null,
        null,
        null,
        null,
        1,
        2,
        null,
        null,
        null,
        null,
        null,
        null
      ],
      "/Users/Guest/Desktop/RuPg/config/routes.rb": [
        1,
        1,
        null,
        1,
        null,
        1,
        null,
        null,
        null,
        null
      ],
      "/Users/Guest/Desktop/RuPg/app/models/user.rb": [
        1,
        null,
        null,
        1,
        null,
        1,
        null
      ],
      "/Users/Guest/Desktop/RuPg/app/models/application_record.rb": [
        1,
        1,
        null
      ],
      "/Users/Guest/Desktop/RuPg/app/controllers/application_controller.rb": [
        1,
        null
      ],
      "/Users/Guest/Desktop/RuPg/app/helpers/application_helper.rb": [
        1,
        null
      ],
      "/Users/Guest/Desktop/RuPg/app/channels/application_cable/channel.rb": [
        1,
        1,
        null,
        null
      ],
      "/Users/Guest/Desktop/RuPg/app/channels/application_cable/connection.rb": [
        1,
        1,
        null,
        null
      ],
      "/Users/Guest/Desktop/RuPg/app/controllers/games_controller.rb": [
        1,
        1,
        null,
        null,
        null
      ],
      "/Users/Guest/Desktop/RuPg/app/jobs/application_job.rb": [
        1,
        null
      ],
      "/Users/Guest/Desktop/RuPg/app/mailers/application_mailer.rb": [
        1,
        1,
        1,
        null
      ],
      "/Users/Guest/Desktop/RuPg/app/models/armor.rb": [
        1,
        1,
        null
      ],
      "/Users/Guest/Desktop/RuPg/app/models/consumable.rb": [
        1,
        1,
        null
      ],
      "/Users/Guest/Desktop/RuPg/app/models/enemy.rb": [
        1,
        1,
        1,
        1,
        1,
        null
      ],
      "/Users/Guest/Desktop/RuPg/app/models/game_session.rb": [
        1,
        1,
        1,
        1,
        null
      ],
      "/Users/Guest/Desktop/RuPg/app/models/inventory.rb": [
        1,
        1,
        1,
        1,
        1,
        1,
        null
      ],
      "/Users/Guest/Desktop/RuPg/app/models/location.rb": [
        1,
        1,
        1,
        1,
        null
      ],
      "/Users/Guest/Desktop/RuPg/app/models/player.rb": [
        1,
        1,
        1,
        1,
        1,
        1,
        1,
        null
      ],
      "/Users/Guest/Desktop/RuPg/app/models/spell.rb": [
        1,
        null,
        null
      ],
      "/Users/Guest/Desktop/RuPg/app/models/weapon.rb": [
        1,
        1,
        1,
        null
      ],
      "/Users/Guest/Desktop/RuPg/spec/models/consumable_spec.rb": [
        1,
        null,
        1,
        2,
        null
      ],
      "/Users/Guest/Desktop/RuPg/spec/models/enemy_spec.rb": [
        1,
        null,
        1,
        2,
        2,
        2,
        2,
        null
      ],
      "/Users/Guest/Desktop/RuPg/spec/models/inventory_spec.rb": [
        1,
        null,
        1,
        2,
        2,
        2,
        2,
        2,
        null
      ],
      "/Users/Guest/Desktop/RuPg/spec/models/player_spec.rb": [
        1,
        null,
        1,
        2,
        2,
        2,
        2,
        2,
        null
      ],
      "/Users/Guest/Desktop/RuPg/spec/models/weapon_spec.rb": [
        1,
        null,
        1,
        2,
        null
      ]
    },
    "timestamp": 1536791710
  }
}
